Sat Nov  2 16:16:24 CDT 2024: Invalid path or not executable: '/Users/av/git/PTZControl/_Scheduled/00_Init.sh'
Sat Nov  2 16:16:36 CDT 2024: Executable found and is valid: 00_Init.sh
Sat Nov  2 16:16:39 CDT 2024: Test job added: * * * * * 00_Init.sh >> /Users/av/git/PTZControl/_Scheduled/scheduler.log 2>&1
Sat Nov  2 16:16:49 CDT 2024: Test job executed successfully.
Sat Nov  2 16:16:49 CDT 2024: Test job removed.
Sat Nov  2 16:23:04 CDT 2024: Executable found and is valid: /Users/av/git/PTZControl/_Scheduled/00_Init.sh
Sat Nov  2 16:23:51 CDT 2024: Scheduling recurring task 'Saturday Init': weekly at 30 15 * * 6
Sat Nov  2 16:23:55 CDT 2024: Task scheduled with cron entry: 30 15 * * 6 /Users/av/git/PTZControl/_Scheduled/00_Init.sh # Saturday Init >> /Users/av/git/PTZControl/_Scheduled/scheduler.log 2>&1
30 15 * * 6 /Users/av/git/PTZControl/_Scheduled/00_Init.sh # Saturday Init >> /Users/av/git/PTZControl/_Scheduled/scheduler.log 2>&1
Sat Nov  2 16:26:06 CDT 2024: Executable found and is valid: /Users/av/git/PTZControl/_Scheduled/01_CommandListen.sh
Sat Nov  2 16:29:01 CDT 2024: Scheduling recurring task 'Saturday Listener': weekly at 58 16 * * 6
Sat Nov  2 16:29:03 CDT 2024: Task scheduled with cron entry: 58 16 * * 6 /Users/av/git/PTZControl/_Scheduled/01_CommandListen.sh # Saturday Listener >> /Users/av/git/PTZControl/_Scheduled/scheduler.log 2>&1
30 15 * * 6 /Users/av/git/PTZControl/_Scheduled/00_Init.sh # Saturday Init >> /Users/av/git/PTZControl/_Scheduled/scheduler.log 2>&1
58 16 * * 6 /Users/av/git/PTZControl/_Scheduled/01_CommandListen.sh # Saturday Listener >> /Users/av/git/PTZControl/_Scheduled/scheduler.log 2>&1
Sat Nov  2 16:32:16 CDT 2024: Invalid path or not executable: 4
Sat Nov  2 16:32:40 CDT 2024: Executable found and is valid: /Users/av/git/PTZControl/_Scheduled/test.sh
Sat Nov  2 16:33:08 CDT 2024: Scheduling recurring task 'test me': weekly at 34 16 * * 6
Sat Nov  2 16:33:10 CDT 2024: Task scheduled with cron entry: 34 16 * * 6 /Users/av/git/PTZControl/_Scheduled/test.sh # test me >> /Users/av/git/PTZControl/_Scheduled/scheduler.log 2>&1
Sat Nov  2 16:36:00 CDT 2024: Manually executing job: 34 16 * * 6 /Users/av/git/PTZControl/_Scheduled/test.sh 
Sat Nov  2 16:36:00 CDT 2024: Job executed.
Sat Nov  2 16:38:32 CDT 2024: Manually executing job: 34 16 * * 6 /Users/av/git/PTZControl/_Scheduled/test.sh 
Sat Nov  2 16:38:32 CDT 2024: Job executed.
Sat Nov  2 16:40:42 CDT 2024: Manually executing job: /Users/av/git/PTZControl/_Scheduled/test.sh
Sat Nov  2 16:40:42 CDT 2024: Job executed.
Sat Nov  2 16:41:09 CDT 2024: Job 3 deleted.
30 15 * * 6 /Users/av/git/PTZControl/_Scheduled/00_Init.sh # Saturday Init >> /Users/av/git/PTZControl/_Scheduled/scheduler.log 2>&1
58 16 * * 6 /Users/av/git/PTZControl/_Scheduled/01_CommandListen.sh # Saturday Listener >> /Users/av/git/PTZControl/_Scheduled/scheduler.log 2>&1
Sat Nov  2 16:41:47 CDT 2024: Executable found and is valid: /Users/av/git/PTZControl/_Scheduled/02_StartStream.sh
Sat Nov  2 16:42:14 CDT 2024: Scheduling recurring task 'Saturday StartStream': weekly at 59 16 * * 6
Sat Nov  2 16:42:16 CDT 2024: Task scheduled with cron entry: 59 16 * * 6 /Users/av/git/PTZControl/_Scheduled/02_StartStream.sh # Saturday StartStream >> /Users/av/git/PTZControl/_Scheduled/scheduler.log 2>&1
Sat Nov  2 16:42:28 CDT 2024: Executable found and is valid: /Users/av/git/PTZControl/_Scheduled/03_Teardown.sh
Sat Nov  2 16:42:50 CDT 2024: Scheduling recurring task 'Saturday Teardown': weekly at 15 18 * * 6
Sat Nov  2 16:42:50 CDT 2024: Task scheduled with cron entry: 15 18 * * 6 /Users/av/git/PTZControl/_Scheduled/03_Teardown.sh # Saturday Teardown >> /Users/av/git/PTZControl/_Scheduled/scheduler.log 2>&1
Sat Nov  2 16:43:33 CDT 2024: Manually executing job: /Users/av/git/PTZControl/_Scheduled/00_Init.sh
Sat Nov  2 16:48:21 CDT 2024: Manually executing job: /Users/av/git/PTZControl/_Scheduled/00_Init.sh
30 15 * * 6 /Users/av/git/PTZControl/_Scheduled/00_Init.sh # Saturday Init >> /Users/av/git/PTZControl/_Scheduled/scheduler.log 2>&1
58 16 * * 6 /Users/av/git/PTZControl/_Scheduled/01_CommandListen.sh # Saturday Listener >> /Users/av/git/PTZControl/_Scheduled/scheduler.log 2>&1
59 16 * * 6 /Users/av/git/PTZControl/_Scheduled/02_StartStream.sh # Saturday StartStream >> /Users/av/git/PTZControl/_Scheduled/scheduler.log 2>&1
15 18 * * 6 /Users/av/git/PTZControl/_Scheduled/03_Teardown.sh # Saturday Teardown >> /Users/av/git/PTZControl/_Scheduled/scheduler.log 2>&1
30 15 * * 6 /Users/av/git/PTZControl/_Scheduled/00_Init.sh # Saturday Init >> /Users/av/git/PTZControl/_Scheduled/scheduler.log 2>&1
58 16 * * 6 /Users/av/git/PTZControl/_Scheduled/01_CommandListen.sh # Saturday Listener >> /Users/av/git/PTZControl/_Scheduled/scheduler.log 2>&1
59 16 * * 6 /Users/av/git/PTZControl/_Scheduled/02_StartStream.sh # Saturday StartStream >> /Users/av/git/PTZControl/_Scheduled/scheduler.log 2>&1
15 18 * * 6 /Users/av/git/PTZControl/_Scheduled/03_Teardown.sh # Saturday Teardown >> /Users/av/git/PTZControl/_Scheduled/scheduler.log 2>&1
30 15 * * 6 /Users/av/git/PTZControl/_Scheduled/00_Init.sh # Saturday Init >> /Users/av/git/PTZControl/_Scheduled/scheduler.log 2>&1
58 16 * * 6 /Users/av/git/PTZControl/_Scheduled/01_CommandListen.sh # Saturday Listener >> /Users/av/git/PTZControl/_Scheduled/scheduler.log 2>&1
59 16 * * 6 /Users/av/git/PTZControl/_Scheduled/02_StartStream.sh # Saturday StartStream >> /Users/av/git/PTZControl/_Scheduled/scheduler.log 2>&1
15 18 * * 6 /Users/av/git/PTZControl/_Scheduled/03_Teardown.sh # Saturday Teardown >> /Users/av/git/PTZControl/_Scheduled/scheduler.log 2>&1
Sat Nov  2 18:15:00 CDT 2024: Running Off.sh equivalent
Sat Nov  2 18:15:06 CDT 2024: Terminating OBS
Sat Nov  2 18:15:06 CDT 2024: OBS terminated
Sat Nov  2 18:15:06 CDT 2024: Terminating Companion
Sat Nov  2 18:15:06 CDT 2024: Companion terminated
Sat Nov  2 18:15:06 CDT 2024: Terminating Safari
Sat Nov  2 18:15:06 CDT 2024: Safari terminated
Sat Nov  2 18:15:06 CDT 2024: Waiting 30 seconds before opening AutomationInProgress.txt
Sat Nov  2 18:15:36 CDT 2024: Opening AutomationInProgress.txt in TextEdit
Sat Nov  2 18:15:36 CDT 2024: Adding and committing changes to Git repository
[main abfe1c7] latest log files for sampling
 6 files changed, 223 insertions(+), 45 deletions(-)
 create mode 100644 _Scheduled/scheduler.db
Sat Nov  2 18:15:37 CDT 2024: Git commit completed. Logs available for inspection.
Sat Nov  2 18:24:02 CDT 2024: Manually executing job: Saturday Init
./schedule_task.sh: line 272: Saturday: command not found
Sat Nov  2 18:24:02 CDT 2024: Job 1 failed.
Sat Nov  2 18:33:36 CDT 2024: Manually executing job: /Users/av/git/PTZControl/_Scheduled/00_Init.sh
Sat Nov  2 18:33:36 CDT 2024: Starting job: Saturday Init >> /Users/av/git/PTZControl/_Scheduled/scheduler.log 2>&1
Sat Nov  2 18:33:36 CDT 2024: Starting initialization sequence with a 15-second delay.
Sat Nov  2 18:33:36 CDT 2024: Starting initialization sequence with a 15-second delay.
Sat Nov  2 18:33:51 CDT 2024: Starting OBS
Sat Nov  2 18:33:51 CDT 2024: Starting OBS
Sat Nov  2 18:33:56 CDT 2024: Starting Companion
Sat Nov  2 18:33:56 CDT 2024: Starting Companion
Sat Nov  2 18:34:11 CDT 2024: Starting Stream Deck
Sat Nov  2 18:34:11 CDT 2024: Starting Stream Deck
Sat Nov  2 18:34:11 CDT 2024: Opening Safari with specified URLs
Sat Nov  2 18:34:11 CDT 2024: Opening Safari with specified URLs
Sat Nov  2 18:34:11 CDT 2024: Running WrapperScript On.sh
Sat Nov  2 18:34:11 CDT 2024: Running WrapperScript On.sh
Sat Nov  2 18:34:12 CDT 2024: Running query.sh
Sat Nov  2 18:34:12 CDT 2024: Running query.sh
Sat Nov  2 18:34:12 CDT 2024: Job 'Saturday Init >> /Users/av/git/PTZControl/_Scheduled/scheduler.log 2>&1' completed successfully.
Sat Nov  2 18:45:44 CDT 2024: Starting job: Saturday Teardown >> /Users/av/git/PTZControl/_Scheduled/scheduler.log 2>&1
Sat Nov  2 18:45:44 CDT 2024: Running Off.sh equivalent
Sat Nov  2 18:45:44 CDT 2024: Running Off.sh equivalent
Sat Nov  2 18:45:49 CDT 2024: Terminating OBS
Sat Nov  2 18:45:49 CDT 2024: Terminating OBS
Sat Nov  2 18:45:49 CDT 2024: OBS terminated
Sat Nov  2 18:45:49 CDT 2024: OBS terminated
Sat Nov  2 18:45:50 CDT 2024: Terminating Companion
Sat Nov  2 18:45:50 CDT 2024: Terminating Companion
Sat Nov  2 18:45:50 CDT 2024: Companion terminated
Sat Nov  2 18:45:50 CDT 2024: Companion terminated
Sat Nov  2 18:45:50 CDT 2024: Terminating Safari
Sat Nov  2 18:45:50 CDT 2024: Terminating Safari
Sat Nov  2 18:45:50 CDT 2024: Safari terminated
Sat Nov  2 18:45:50 CDT 2024: Safari terminated
Sat Nov  2 18:45:50 CDT 2024: Waiting 30 seconds before opening AutomationInProgress.txt
Sat Nov  2 18:45:50 CDT 2024: Waiting 30 seconds before opening AutomationInProgress.txt
Sat Nov  2 18:46:20 CDT 2024: Opening AutomationInProgress.txt in TextEdit
Sat Nov  2 18:46:20 CDT 2024: Opening AutomationInProgress.txt in TextEdit
Sat Nov  2 18:46:20 CDT 2024: Adding and committing changes to Git repository
Sat Nov  2 18:46:20 CDT 2024: Adding and committing changes to Git repository
[main 9090e45] latest log files for sampling
 3 files changed, 110 insertions(+), 65 deletions(-)
Sat Nov  2 18:46:20 CDT 2024: Git commit completed. Logs available for inspection.
Sat Nov  2 18:46:20 CDT 2024: Git commit completed. Logs available for inspection.
Sat Nov  2 18:46:20 CDT 2024: Job 'Saturday Teardown >> /Users/av/git/PTZControl/_Scheduled/scheduler.log 2>&1' completed successfully.
Sat Nov  2 18:46:30 CDT 2024: Starting job: Saturday Init >> /Users/av/git/PTZControl/_Scheduled/scheduler.log 2>&1
Sat Nov  2 18:46:30 CDT 2024: Starting initialization sequence with a 15-second delay.
Sat Nov  2 18:46:30 CDT 2024: Starting initialization sequence with a 15-second delay.
Sat Nov  2 18:46:45 CDT 2024: Starting OBS
Sat Nov  2 18:46:45 CDT 2024: Starting OBS
Sat Nov  2 18:46:50 CDT 2024: Starting Companion
Sat Nov  2 18:46:50 CDT 2024: Starting Companion
Sat Nov  2 18:47:05 CDT 2024: Starting Stream Deck
Sat Nov  2 18:47:05 CDT 2024: Starting Stream Deck
Sat Nov  2 18:47:05 CDT 2024: Opening Safari with specified URLs
Sat Nov  2 18:47:05 CDT 2024: Opening Safari with specified URLs
Sat Nov  2 18:47:05 CDT 2024: Running WrapperScript On.sh
Sat Nov  2 18:47:05 CDT 2024: Running WrapperScript On.sh
Sat Nov  2 18:47:06 CDT 2024: Running query.sh
Sat Nov  2 18:47:06 CDT 2024: Running query.sh
Sat Nov  2 18:47:06 CDT 2024: Job 'Saturday Init >> /Users/av/git/PTZControl/_Scheduled/scheduler.log 2>&1' completed successfully.
Sat Nov  2 19:18:55 CDT 2024: Starting job: Saturday Listener >> /Users/av/git/PTZControl/_Scheduled/scheduler.log 2>&1
Sat Nov  2 19:18:55 CDT 2024: Starting PTZControl SlideListener
Sat Nov  2 19:18:55 CDT 2024: Starting PTZControl SlideListener
node:events:505
      throw er; // Unhandled 'error' event
      ^

Error: listen EADDRINUSE: address already in use :::3000
    at Server.setupListenHandle [as _listen2] (node:net:1372:16)
    at listenInCluster (node:net:1420:12)
    at Server.listen (node:net:1508:7)
    at Function.listen (/Users/av/git/PTZControl/SlideListener/node_modules/express/lib/application.js:635:24)
    at Object.<anonymous> (/Users/av/git/PTZControl/SlideListener/index.js:467:5)
    at Module._compile (node:internal/modules/cjs/loader:1105:14)
    at Object.Module._extensions..js (node:internal/modules/cjs/loader:1159:10)
    at Module.load (node:internal/modules/cjs/loader:981:32)
    at Function.Module._load (node:internal/modules/cjs/loader:822:12)
    at Function.executeUserEntryPoint [as runMain] (node:internal/modules/run_main:77:12)
Emitted 'error' event on Server instance at:
    at emitErrorNT (node:net:1399:8)
    at processTicksAndRejections (node:internal/process/task_queues:83:21) {
  code: 'EADDRINUSE',
  errno: -48,
  syscall: 'listen',
  address: '::',
  port: 3000
}
Sat Nov  2 19:19:00 CDT 2024: Running prep.sh equivalent
Sat Nov  2 19:19:00 CDT 2024: Running prep.sh equivalent
Sat Nov  2 19:19:00 CDT 2024: Job 'Saturday Listener >> /Users/av/git/PTZControl/_Scheduled/scheduler.log 2>&1' completed successfully.
Sat Nov  2 19:19:34 CDT 2024: Starting job: Saturday Teardown >> /Users/av/git/PTZControl/_Scheduled/scheduler.log 2>&1
Sat Nov  2 19:19:34 CDT 2024: Running Off.sh equivalent
Sat Nov  2 19:19:34 CDT 2024: Running Off.sh equivalent
Sat Nov  2 19:19:39 CDT 2024: Terminating OBS
Sat Nov  2 19:19:39 CDT 2024: Terminating OBS
Sat Nov  2 19:19:39 CDT 2024: Terminating Companion
Sat Nov  2 19:19:39 CDT 2024: Terminating Companion
Sat Nov  2 19:19:39 CDT 2024: Companion terminated
Sat Nov  2 19:19:39 CDT 2024: Companion terminated
Sat Nov  2 19:19:39 CDT 2024: Terminating Safari
Sat Nov  2 19:19:39 CDT 2024: Terminating Safari
Sat Nov  2 19:19:39 CDT 2024: Safari terminated
Sat Nov  2 19:19:39 CDT 2024: Safari terminated
Sat Nov  2 19:19:40 CDT 2024: Waiting 30 seconds before opening AutomationInProgress.txt
Sat Nov  2 19:19:40 CDT 2024: Waiting 30 seconds before opening AutomationInProgress.txt
Sat Nov  2 19:20:10 CDT 2024: Opening AutomationInProgress.txt in TextEdit
Sat Nov  2 19:20:10 CDT 2024: Opening AutomationInProgress.txt in TextEdit
Sat Nov  2 19:20:10 CDT 2024: Adding and committing changes to Git repository
Sat Nov  2 19:20:10 CDT 2024: Adding and committing changes to Git repository
